<?xml version="1.0" encoding="UTF-8"?>
<testsuite xmlns:xsi="http://www.w3.org/2001/XMLSchema-instance" xsi:noNamespaceSchemaLocation="https://maven.apache.org/surefire/maven-surefire-plugin/xsd/surefire-test-report-3.0.xsd" version="3.0" name="com.examly.springapp.SpringappApplicationTests" time="5.177" tests="80" errors="0" skipped="0" failures="0">
  <properties>
[...]
</properties>
  <testcase name="Day3_test_Controller_Directory_Exists" classname="com.examly.springapp.SpringappApplicationTests" time="0.079">
    <system-out><![CDATA[12:03:17.758 [main] DEBUG org.springframework.boot.test.context.SpringBootTestContextBootstrapper - Neither @ContextConfiguration nor @ContextHierarchy found for test class [SpringappApplicationTests]: using SpringBootContextLoader
12:03:17.762 [main] DEBUG org.springframework.test.context.support.AbstractContextLoader - Could not detect default resource locations for test class [com.examly.springapp.SpringappApplicationTests]: no resource found for suffixes {-context.xml, Context.groovy}.
12:03:17.762 [main] INFO org.springframework.test.context.support.AnnotationConfigContextLoaderUtils - Could not detect default configuration classes for test class [com.examly.springapp.SpringappApplicationTests]: SpringappApplicationTests does not declare any static, non-private, non-final, nested classes annotated with @Configuration.
12:03:17.800 [main] DEBUG org.springframework.boot.test.context.SpringBootTestContextBootstrapper - Using ContextCustomizers for test class [SpringappApplicationTests]: [ImportsContextCustomizer, ExcludeFilterContextCustomizer, DuplicateJsonObjectContextCustomizer, MockitoContextCustomizer, TestRestTemplateContextCustomizer, DisableObservabilityContextCustomizer, PropertyMappingContextCustomizer, Customizer]
12:03:17.863 [main] DEBUG org.springframework.context.annotation.ClassPathScanningCandidateComponentProvider - Identified candidate component class: file [C:\Users\sruth\Downloads\6639d03c-5b52-4e6a-8a78-7355a45cdaca-638a1d1b-fa96-446d-ab42-c441017c61e7-1f113b854c8ef0ef82634cd6594073a080e2c08c\springapp\target\classes\com\examly\springapp\SpringappApplication.class]
12:03:17.865 [main] INFO org.springframework.boot.test.context.SpringBootTestContextBootstrapper - Found @SpringBootConfiguration com.examly.springapp.SpringappApplication for test class com.examly.springapp.SpringappApplicationTests
12:03:17.960 [main] DEBUG org.springframework.boot.test.context.SpringBootTestContextBootstrapper - Using TestExecutionListeners for test class [SpringappApplicationTests]: [ServletTestExecutionListener, DirtiesContextBeforeModesTestExecutionListener, ApplicationEventsTestExecutionListener, MockitoTestExecutionListener, DependencyInjectionTestExecutionListener, DirtiesContextTestExecutionListener, TransactionalTestExecutionListener, SqlScriptsTestExecutionListener, EventPublishingTestExecutionListener, ResetMocksTestExecutionListener, RestDocsTestExecutionListener, MockRestServiceServerResetTestExecutionListener, MockMvcPrintOnlyOnFailureTestExecutionListener, WebDriverTestExecutionListener, MockWebServiceServerTestExecutionListener]
12:03:17.961 [main] DEBUG org.springframework.test.context.support.AbstractDirtiesContextTestExecutionListener - Before test class: class [SpringappApplicationTests], class annotated with @DirtiesContext [false] with mode [null]

  .   ____          _            __ _ _
 /\\ / ___'_ __ _ _(_)_ __  __ _ \ \ \ \
( ( )\___ | '_ | '_| | '_ \/ _` | \ \ \ \
 \\/  ___)| |_)| | | | | || (_| |  ) ) ) )
  '  |____| .__|_| |_|_| |_\__, | / / / /
 =========|_|==============|___/=/_/_/_/
 :: Spring Boot ::                (v3.0.1)

2025-12-27T12:03:18.228+05:30  INFO 10092 --- [           main] c.e.springapp.SpringappApplicationTests  : Starting SpringappApplicationTests using Java 21.0.9 with PID 10092 (started by sruth in C:\Users\sruth\Downloads\6639d03c-5b52-4e6a-8a78-7355a45cdaca-638a1d1b-fa96-446d-ab42-c441017c61e7-1f113b854c8ef0ef82634cd6594073a080e2c08c\springapp)
2025-12-27T12:03:18.229+05:30  INFO 10092 --- [           main] c.e.springapp.SpringappApplicationTests  : No active profile set, falling back to 1 default profile: "default"
2025-12-27T12:03:18.782+05:30  INFO 10092 --- [           main] .s.d.r.c.RepositoryConfigurationDelegate : Bootstrapping Spring Data JPA repositories in DEFAULT mode.
2025-12-27T12:03:18.854+05:30  INFO 10092 --- [           main] .s.d.r.c.RepositoryConfigurationDelegate : Finished Spring Data repository scanning in 63 ms. Found 5 JPA repository interfaces.
2025-12-27T12:03:19.386+05:30  INFO 10092 --- [           main] o.hibernate.jpa.internal.util.LogHelper  : HHH000204: Processing PersistenceUnitInfo [name: default]
2025-12-27T12:03:19.438+05:30  INFO 10092 --- [           main] org.hibernate.Version                    : HHH000412: Hibernate ORM core version 6.1.6.Final
2025-12-27T12:03:19.602+05:30  WARN 10092 --- [           main] org.hibernate.orm.deprecation            : HHH90000021: Encountered deprecated setting [javax.persistence.sharedCache.mode], use [jakarta.persistence.sharedCache.mode] instead
2025-12-27T12:03:19.755+05:30  INFO 10092 --- [           main] com.zaxxer.hikari.HikariDataSource       : HikariPool-1 - Starting...
2025-12-27T12:03:19.977+05:30  INFO 10092 --- [           main] com.zaxxer.hikari.pool.HikariPool        : HikariPool-1 - Added connection conn0: url=jdbc:h2:mem:testdb user=SA
2025-12-27T12:03:19.979+05:30  INFO 10092 --- [           main] com.zaxxer.hikari.HikariDataSource       : HikariPool-1 - Start completed.
2025-12-27T12:03:19.996+05:30  INFO 10092 --- [           main] SQL dialect                              : HHH000400: Using dialect: org.hibernate.dialect.H2Dialect
2025-12-27T12:03:20.695+05:30  INFO 10092 --- [           main] o.h.e.t.j.p.i.JtaPlatformInitiator       : HHH000490: Using JtaPlatform implementation: [org.hibernate.engine.transaction.jta.platform.internal.NoJtaPlatform]
2025-12-27T12:03:20.702+05:30  INFO 10092 --- [           main] j.LocalContainerEntityManagerFactoryBean : Initialized JPA EntityManagerFactory for persistence unit 'default'
2025-12-27T12:03:21.436+05:30  WARN 10092 --- [           main] JpaBaseConfiguration$JpaWebConfiguration : spring.jpa.open-in-view is enabled by default. Therefore, database queries may be performed during view rendering. Explicitly configure spring.jpa.open-in-view to disable this warning
2025-12-27T12:03:21.790+05:30  INFO 10092 --- [           main] o.s.b.a.h2.H2ConsoleAutoConfiguration    : H2 console available at '/h2-console'. Database available at 'jdbc:h2:mem:testdb'
2025-12-27T12:03:21.849+05:30  INFO 10092 --- [           main] o.s.b.t.m.w.SpringBootMockServletContext : Initializing Spring TestDispatcherServlet ''
2025-12-27T12:03:21.849+05:30  INFO 10092 --- [           main] o.s.t.web.servlet.TestDispatcherServlet  : Initializing Servlet ''
2025-12-27T12:03:21.850+05:30  INFO 10092 --- [           main] o.s.t.web.servlet.TestDispatcherServlet  : Completed initialization in 1 ms
2025-12-27T12:03:21.864+05:30  INFO 10092 --- [           main] c.e.springapp.SpringappApplicationTests  : Started SpringappApplicationTests in 3.862 seconds (process running for 4.822)
]]></system-out>
  </testcase>
  <testcase name="Day3_test_Model_Directory_Exists" classname="com.examly.springapp.SpringappApplicationTests" time="0.002"/>
  <testcase name="Day3_test_Service_Directory_Exists" classname="com.examly.springapp.SpringappApplicationTests" time="0.003"/>
  <testcase name="Day3_test_Repository_Directory_Exists" classname="com.examly.springapp.SpringappApplicationTests" time="0.003"/>
  <testcase name="Day4_test_UserModel_File_Exists" classname="com.examly.springapp.SpringappApplicationTests" time="0.003"/>
  <testcase name="Day4_test_DepartmentModel_File_Exists" classname="com.examly.springapp.SpringappApplicationTests" time="0.003"/>
  <testcase name="Day4_test_JobApplicationModel_File_Exists" classname="com.examly.springapp.SpringappApplicationTests" time="0.003"/>
  <testcase name="Day4_test_JobPosition_File_Exists" classname="com.examly.springapp.SpringappApplicationTests" time="0.002"/>
  <testcase name="Day4_test_InterviewFeedback_File_Exists" classname="com.examly.springapp.SpringappApplicationTests" time="0.002"/>
  <testcase name="Day4_test_JobApplication_Has_Entity_Annotation" classname="com.examly.springapp.SpringappApplicationTests" time="0.002"/>
  <testcase name="Day4_test_JobApplication_Has_Id_Annotation_On_Field" classname="com.examly.springapp.SpringappApplicationTests" time="0.002"/>
  <testcase name="Day5_test_UserRepository_File_Exists" classname="com.examly.springapp.SpringappApplicationTests" time="0.003"/>
  <testcase name="Day5_test_DepartmentRepository_File_Exists" classname="com.examly.springapp.SpringappApplicationTests" time="0.003"/>
  <testcase name="Day5_test_JobApplicationRepository_File_Exists" classname="com.examly.springapp.SpringappApplicationTests" time="0.003"/>
  <testcase name="Day5_test_JobPositionRepository_File_Exists" classname="com.examly.springapp.SpringappApplicationTests" time="0.002"/>
  <testcase name="Day5_test_InterviewFeedbackRepository_File_Exists" classname="com.examly.springapp.SpringappApplicationTests" time="0.002"/>
  <testcase name="Day5_test_UserRepository_Has_Repository_Annotation" classname="com.examly.springapp.SpringappApplicationTests" time="0.002"/>
  <testcase name="Day5_test_DepartmentRepository_Has_Repository_Annotation" classname="com.examly.springapp.SpringappApplicationTests" time="0.003"/>
  <testcase name="Day5_test_JobApplicationRepository_Has_Repository_Annotation" classname="com.examly.springapp.SpringappApplicationTests" time="0.003"/>
  <testcase name="Day5_test_JobPositionRepository_Has_Repository_Annotation" classname="com.examly.springapp.SpringappApplicationTests" time="0.001"/>
  <testcase name="Day5_test_InterviewFeedbackRepository_Has_Repository_Annotation" classname="com.examly.springapp.SpringappApplicationTests" time="0.002"/>
  <testcase name="Day6_test_UserController_File_Exists" classname="com.examly.springapp.SpringappApplicationTests" time="0.004"/>
  <testcase name="Day6_test_DepartmentController_File_Exists" classname="com.examly.springapp.SpringappApplicationTests" time="0.002"/>
  <testcase name="Day6_test_JobApplicationController_File_Exists" classname="com.examly.springapp.SpringappApplicationTests" time="0.002"/>
  <testcase name="Day6_test_JobPositionController_File_Exists" classname="com.examly.springapp.SpringappApplicationTests" time="0.003"/>
  <testcase name="Day6_test_InterviewFeedbackController_File_Exists" classname="com.examly.springapp.SpringappApplicationTests" time="0.002"/>
  <testcase name="Day6_test_UserController_Has_RestController_Annotation" classname="com.examly.springapp.SpringappApplicationTests" time="0.002"/>
  <testcase name="Day6_test_JobApplicationController_Has_RestController_Annotation" classname="com.examly.springapp.SpringappApplicationTests" time="0.002"/>
  <testcase name="Day6_test_JobApplicationController_Has_PostMapping" classname="com.examly.springapp.SpringappApplicationTests" time="0.002"/>
  <testcase name="Day6_test_JobApplicationController_Has_GetMapping" classname="com.examly.springapp.SpringappApplicationTests" time="0.002"/>
  <testcase name="Day6_test_JobApplicationController_Has_PutMapping" classname="com.examly.springapp.SpringappApplicationTests" time="0.002"/>
  <testcase name="Day6_test_JobApplicationController_Has_DeleteMapping" classname="com.examly.springapp.SpringappApplicationTests" time="0.002"/>
  <testcase name="Day6_testCreateJobApplication_NoBody_StatusBadRequest" classname="com.examly.springapp.SpringappApplicationTests" time="0.128">
    <system-out><![CDATA[2025-12-27T12:03:22.160+05:30  INFO 10092 --- [           main] com.examly.springapp.aop.LoggingAspect   : Executing method: JoinPoint
2025-12-27T12:03:22.162+05:30  INFO 10092 --- [           main] com.examly.springapp.aop.LoggingAspect   : Completed method: JoinPoint
]]></system-out>
  </testcase>
  <testcase name="Day6_testGetAllJobApplications_StatusNoContent" classname="com.examly.springapp.SpringappApplicationTests" time="0.113">
    <system-out><![CDATA[2025-12-27T12:03:22.191+05:30  INFO 10092 --- [           main] com.examly.springapp.aop.LoggingAspect   : Executing method: JoinPoint
2025-12-27T12:03:22.299+05:30  INFO 10092 --- [           main] com.examly.springapp.aop.LoggingAspect   : Completed method: JoinPoint
]]></system-out>
  </testcase>
  <testcase name="Day6_testGetJobApplicationById_StatusNotFound" classname="com.examly.springapp.SpringappApplicationTests" time="0.039">
    <system-out><![CDATA[2025-12-27T12:03:22.307+05:30  INFO 10092 --- [           main] com.examly.springapp.aop.LoggingAspect   : Executing method: JoinPoint
2025-12-27T12:03:22.318+05:30  INFO 10092 --- [           main] com.examly.springapp.aop.LoggingAspect   : Completed method: JoinPoint
]]></system-out>
  </testcase>
  <testcase name="Day7_test_UserController_Has_RequestMapping" classname="com.examly.springapp.SpringappApplicationTests" time="0.004"/>
  <testcase name="Day7_test_UserController_Has_PathVariable" classname="com.examly.springapp.SpringappApplicationTests" time="0.002"/>
  <testcase name="Day7_test_JobApplicationController_Has_RequestMapping" classname="com.examly.springapp.SpringappApplicationTests" time="0.002"/>
  <testcase name="Day7_test_DepartmentController_Has_RequestMapping" classname="com.examly.springapp.SpringappApplicationTests" time="0.003"/>
  <testcase name="Day7_test_JobApplicationController_Has_PathVariable" classname="com.examly.springapp.SpringappApplicationTests" time="0.003"/>
  <testcase name="Day7_test_DepartmentController_Has_PathVariable" classname="com.examly.springapp.SpringappApplicationTests" time="0.001"/>
  <testcase name="Day7_test_JobPositionController_Has_RequestMapping" classname="com.examly.springapp.SpringappApplicationTests" time="0.001"/>
  <testcase name="Day8_test_UserService_File_Exists" classname="com.examly.springapp.SpringappApplicationTests" time="0.003"/>
  <testcase name="Day8_test_DepartmentService_File_Exists" classname="com.examly.springapp.SpringappApplicationTests" time="0.003"/>
  <testcase name="Day8_test_JobApplicationService_File_Exists" classname="com.examly.springapp.SpringappApplicationTests" time="0.002"/>
  <testcase name="Day8_test_JobPositionService_File_Exists" classname="com.examly.springapp.SpringappApplicationTests" time="0.002"/>
  <testcase name="Day8_test_InterviewFeedbackService_File_Exists" classname="com.examly.springapp.SpringappApplicationTests" time="0.002"/>
  <testcase name="Day8_test_UserServiceImpl_File_Exists" classname="com.examly.springapp.SpringappApplicationTests" time="0.001"/>
  <testcase name="Day8_test_DepartmentServiceImpl_File_Exists" classname="com.examly.springapp.SpringappApplicationTests" time="0.002"/>
  <testcase name="Day8_test_JobApplicationServiceImpl_File_Exists" classname="com.examly.springapp.SpringappApplicationTests" time="0.002"/>
  <testcase name="Day8_test_JobPositionServiceImpl_File_Exists" classname="com.examly.springapp.SpringappApplicationTests" time="0.002"/>
  <testcase name="Day8_test_InterviewFeedbackServiceImpl_File_Exists" classname="com.examly.springapp.SpringappApplicationTests" time="0.001"/>
  <testcase name="Day8_testAddDepartment" classname="com.examly.springapp.SpringappApplicationTests" time="0.084">
    <system-out><![CDATA[2025-12-27T12:03:22.407+05:30  INFO 10092 --- [           main] com.examly.springapp.aop.LoggingAspect   : Executing method: JoinPoint
2025-12-27T12:03:22.435+05:30  INFO 10092 --- [           main] com.examly.springapp.aop.LoggingAspect   : Completed method: JoinPoint
]]></system-out>
  </testcase>
  <testcase name="Day8_testGetAllDepartments" classname="com.examly.springapp.SpringappApplicationTests" time="0.012">
    <system-out><![CDATA[2025-12-27T12:03:22.480+05:30  INFO 10092 --- [           main] com.examly.springapp.aop.LoggingAspect   : Executing method: JoinPoint
2025-12-27T12:03:22.485+05:30  INFO 10092 --- [           main] com.examly.springapp.aop.LoggingAspect   : Completed method: JoinPoint
]]></system-out>
  </testcase>
  <testcase name="Day8_testGetDepartmentById" classname="com.examly.springapp.SpringappApplicationTests" time="0.007">
    <system-out><![CDATA[2025-12-27T12:03:22.495+05:30  INFO 10092 --- [           main] com.examly.springapp.aop.LoggingAspect   : Executing method: JoinPoint
2025-12-27T12:03:22.497+05:30  INFO 10092 --- [           main] com.examly.springapp.aop.LoggingAspect   : Completed method: JoinPoint
]]></system-out>
  </testcase>
  <testcase name="Day8_testUpdateDepartment" classname="com.examly.springapp.SpringappApplicationTests" time="0.015">
    <system-out><![CDATA[2025-12-27T12:03:22.503+05:30  INFO 10092 --- [           main] com.examly.springapp.aop.LoggingAspect   : Executing method: JoinPoint
2025-12-27T12:03:22.513+05:30  INFO 10092 --- [           main] com.examly.springapp.aop.LoggingAspect   : Completed method: JoinPoint
]]></system-out>
  </testcase>
  <testcase name="Day9_testPagination_PageNumberApplied" classname="com.examly.springapp.SpringappApplicationTests" time="0.023">
    <system-out><![CDATA[2025-12-27T12:03:22.519+05:30  INFO 10092 --- [           main] com.examly.springapp.aop.LoggingAspect   : Executing method: JoinPoint
2025-12-27T12:03:22.526+05:30  INFO 10092 --- [           main] com.examly.springapp.aop.LoggingAspect   : Completed method: JoinPoint
]]></system-out>
  </testcase>
  <testcase name="Day9_testPagination_PageSizeApplied" classname="com.examly.springapp.SpringappApplicationTests" time="0.011">
    <system-out><![CDATA[2025-12-27T12:03:22.540+05:30  INFO 10092 --- [           main] com.examly.springapp.aop.LoggingAspect   : Executing method: JoinPoint
2025-12-27T12:03:22.548+05:30  INFO 10092 --- [           main] com.examly.springapp.aop.LoggingAspect   : Completed method: JoinPoint
]]></system-out>
  </testcase>
  <testcase name="Day9_testPagination_SortingPresent" classname="com.examly.springapp.SpringappApplicationTests" time="0.009">
    <system-out><![CDATA[2025-12-27T12:03:22.554+05:30  INFO 10092 --- [           main] com.examly.springapp.aop.LoggingAspect   : Executing method: JoinPoint
2025-12-27T12:03:22.555+05:30  INFO 10092 --- [           main] com.examly.springapp.aop.LoggingAspect   : Completed method: JoinPoint
]]></system-out>
  </testcase>
  <testcase name="Day9_testPagination_ContentArrayExists" classname="com.examly.springapp.SpringappApplicationTests" time="0.009">
    <system-out><![CDATA[2025-12-27T12:03:22.564+05:30  INFO 10092 --- [           main] com.examly.springapp.aop.LoggingAspect   : Executing method: JoinPoint
2025-12-27T12:03:22.566+05:30  INFO 10092 --- [           main] com.examly.springapp.aop.LoggingAspect   : Completed method: JoinPoint
]]></system-out>
  </testcase>
  <testcase name="Day9_testPagination_TotalElementsExists" classname="com.examly.springapp.SpringappApplicationTests" time="0.005">
    <system-out><![CDATA[2025-12-27T12:03:22.572+05:30  INFO 10092 --- [           main] com.examly.springapp.aop.LoggingAspect   : Executing method: JoinPoint
2025-12-27T12:03:22.574+05:30  INFO 10092 --- [           main] com.examly.springapp.aop.LoggingAspect   : Completed method: JoinPoint
]]></system-out>
  </testcase>
  <testcase name="Day9_testPagination_TotalPagesExists" classname="com.examly.springapp.SpringappApplicationTests" time="0.007">
    <system-out><![CDATA[2025-12-27T12:03:22.579+05:30  INFO 10092 --- [           main] com.examly.springapp.aop.LoggingAspect   : Executing method: JoinPoint
2025-12-27T12:03:22.580+05:30  INFO 10092 --- [           main] com.examly.springapp.aop.LoggingAspect   : Completed method: JoinPoint
]]></system-out>
  </testcase>
  <testcase name="Day10_testAddUser" classname="com.examly.springapp.SpringappApplicationTests" time="0.012">
    <system-out><![CDATA[2025-12-27T12:03:22.589+05:30  INFO 10092 --- [           main] com.examly.springapp.aop.LoggingAspect   : Executing method: JoinPoint
2025-12-27T12:03:22.592+05:30  INFO 10092 --- [           main] com.examly.springapp.aop.LoggingAspect   : Completed method: JoinPoint
]]></system-out>
  </testcase>
  <testcase name="Day10_testGetAllUsers" classname="com.examly.springapp.SpringappApplicationTests" time="0.008">
    <system-out><![CDATA[2025-12-27T12:03:22.600+05:30  INFO 10092 --- [           main] com.examly.springapp.aop.LoggingAspect   : Executing method: JoinPoint
2025-12-27T12:03:22.603+05:30  INFO 10092 --- [           main] com.examly.springapp.aop.LoggingAspect   : Completed method: JoinPoint
]]></system-out>
  </testcase>
  <testcase name="Day10_testGetUserById" classname="com.examly.springapp.SpringappApplicationTests" time="0.005">
    <system-out><![CDATA[2025-12-27T12:03:22.610+05:30  INFO 10092 --- [           main] com.examly.springapp.aop.LoggingAspect   : Executing method: JoinPoint
2025-12-27T12:03:22.611+05:30  INFO 10092 --- [           main] com.examly.springapp.aop.LoggingAspect   : Completed method: JoinPoint
]]></system-out>
  </testcase>
  <testcase name="Day10_testUpdateUser" classname="com.examly.springapp.SpringappApplicationTests" time="0.009">
    <system-out><![CDATA[2025-12-27T12:03:22.617+05:30  INFO 10092 --- [           main] com.examly.springapp.aop.LoggingAspect   : Executing method: JoinPoint
2025-12-27T12:03:22.620+05:30  INFO 10092 --- [           main] com.examly.springapp.aop.LoggingAspect   : Completed method: JoinPoint
]]></system-out>
  </testcase>
  <testcase name="Day10_testAddJobPosition" classname="com.examly.springapp.SpringappApplicationTests" time="0.013">
    <system-out><![CDATA[2025-12-27T12:03:22.626+05:30  INFO 10092 --- [           main] com.examly.springapp.aop.LoggingAspect   : Executing method: JoinPoint
2025-12-27T12:03:22.627+05:30  INFO 10092 --- [           main] com.examly.springapp.aop.LoggingAspect   : Completed method: JoinPoint
2025-12-27T12:03:22.630+05:30  INFO 10092 --- [           main] com.examly.springapp.aop.LoggingAspect   : Executing method: JoinPoint
2025-12-27T12:03:22.633+05:30  INFO 10092 --- [           main] com.examly.springapp.aop.LoggingAspect   : Completed method: JoinPoint
]]></system-out>
  </testcase>
  <testcase name="Day10_testGetAllJobPositions" classname="com.examly.springapp.SpringappApplicationTests" time="0.009">
    <system-out><![CDATA[2025-12-27T12:03:22.640+05:30  INFO 10092 --- [           main] com.examly.springapp.aop.LoggingAspect   : Executing method: JoinPoint
2025-12-27T12:03:22.643+05:30  INFO 10092 --- [           main] com.examly.springapp.aop.LoggingAspect   : Completed method: JoinPoint
]]></system-out>
  </testcase>
  <testcase name="Day10_testGetJobPositionById" classname="com.examly.springapp.SpringappApplicationTests" time="0.007">
    <system-out><![CDATA[2025-12-27T12:03:22.650+05:30  INFO 10092 --- [           main] com.examly.springapp.aop.LoggingAspect   : Executing method: JoinPoint
2025-12-27T12:03:22.653+05:30  INFO 10092 --- [           main] com.examly.springapp.aop.LoggingAspect   : Completed method: JoinPoint
]]></system-out>
  </testcase>
  <testcase name="Day10_testUpdateJobPosition" classname="com.examly.springapp.SpringappApplicationTests" time="0.007">
    <system-out><![CDATA[2025-12-27T12:03:22.658+05:30  INFO 10092 --- [           main] com.examly.springapp.aop.LoggingAspect   : Executing method: JoinPoint
2025-12-27T12:03:22.660+05:30  INFO 10092 --- [           main] com.examly.springapp.aop.LoggingAspect   : Completed method: JoinPoint
]]></system-out>
  </testcase>
  <testcase name="Day11_testSearchJobPositions" classname="com.examly.springapp.SpringappApplicationTests" time="0.044">
    <system-out><![CDATA[2025-12-27T12:03:22.665+05:30  INFO 10092 --- [           main] com.examly.springapp.aop.LoggingAspect   : Executing method: JoinPoint
2025-12-27T12:03:22.666+05:30  INFO 10092 --- [           main] com.examly.springapp.aop.LoggingAspect   : Completed method: JoinPoint
2025-12-27T12:03:22.672+05:30  INFO 10092 --- [           main] com.examly.springapp.aop.LoggingAspect   : Executing method: JoinPoint
2025-12-27T12:03:22.705+05:30  INFO 10092 --- [           main] com.examly.springapp.aop.LoggingAspect   : Completed method: JoinPoint
]]></system-out>
  </testcase>
  <testcase name="Day12_testAddInterviewFeedback" classname="com.examly.springapp.SpringappApplicationTests" time="0.015">
    <system-out><![CDATA[2025-12-27T12:03:22.709+05:30  INFO 10092 --- [           main] com.examly.springapp.aop.LoggingAspect   : Executing method: JoinPoint
2025-12-27T12:03:22.710+05:30  INFO 10092 --- [           main] com.examly.springapp.aop.LoggingAspect   : Completed method: JoinPoint
2025-12-27T12:03:22.711+05:30  INFO 10092 --- [           main] com.examly.springapp.aop.LoggingAspect   : Executing method: JoinPoint
2025-12-27T12:03:22.713+05:30  INFO 10092 --- [           main] com.examly.springapp.aop.LoggingAspect   : Completed method: JoinPoint
2025-12-27T12:03:22.715+05:30  INFO 10092 --- [           main] com.examly.springapp.aop.LoggingAspect   : Executing method: JoinPoint
2025-12-27T12:03:22.719+05:30  INFO 10092 --- [           main] com.examly.springapp.aop.LoggingAspect   : Completed method: JoinPoint
]]></system-out>
  </testcase>
  <testcase name="Day12_testGetAllInterviewFeedbacks" classname="com.examly.springapp.SpringappApplicationTests" time="0.009">
    <system-out><![CDATA[2025-12-27T12:03:22.725+05:30  INFO 10092 --- [           main] com.examly.springapp.aop.LoggingAspect   : Executing method: JoinPoint
2025-12-27T12:03:22.729+05:30  INFO 10092 --- [           main] com.examly.springapp.aop.LoggingAspect   : Completed method: JoinPoint
]]></system-out>
  </testcase>
  <testcase name="Day12_testGetInterviewFeedbackById" classname="com.examly.springapp.SpringappApplicationTests" time="0.008">
    <system-out><![CDATA[2025-12-27T12:03:22.734+05:30  INFO 10092 --- [           main] com.examly.springapp.aop.LoggingAspect   : Executing method: JoinPoint
2025-12-27T12:03:22.736+05:30  INFO 10092 --- [           main] com.examly.springapp.aop.LoggingAspect   : Completed method: JoinPoint
]]></system-out>
  </testcase>
  <testcase name="Day12_testUpdateInterviewFeedback" classname="com.examly.springapp.SpringappApplicationTests" time="0.008">
    <system-out><![CDATA[2025-12-27T12:03:22.742+05:30  INFO 10092 --- [           main] com.examly.springapp.aop.LoggingAspect   : Executing method: JoinPoint
2025-12-27T12:03:22.745+05:30  INFO 10092 --- [           main] com.examly.springapp.aop.LoggingAspect   : Completed method: JoinPoint
]]></system-out>
  </testcase>
  <testcase name="Day12_testGetFeedbacksByJobApplication" classname="com.examly.springapp.SpringappApplicationTests" time="0.014">
    <system-out><![CDATA[2025-12-27T12:03:22.750+05:30  INFO 10092 --- [           main] com.examly.springapp.aop.LoggingAspect   : Executing method: JoinPoint
2025-12-27T12:03:22.760+05:30  INFO 10092 --- [           main] com.examly.springapp.aop.LoggingAspect   : Completed method: JoinPoint
]]></system-out>
  </testcase>
  <testcase name="Day13_test_execption_Directory_Exists" classname="com.examly.springapp.SpringappApplicationTests" time="0.002"/>
  <testcase name="Day13_test_GloabalEception_File_Exists" classname="com.examly.springapp.SpringappApplicationTests" time="0.001"/>
  <testcase name="Day14test_configuartion_Directory_Exists" classname="com.examly.springapp.SpringappApplicationTests" time="0.002"/>
  <testcase name="Day15_testAOPLogFileExists" classname="com.examly.springapp.SpringappApplicationTests" time="0.002"/>
</testsuite>